test_list_tables: 6 tables in 1 conn: 116 ms [2015-06-02 09:16:27] [main:0ms]-[INFO] [AvailableTest:81][test_list_tables] 
test_create_table: ava_test_table_1433207787405 in 1 conn: 3096 ms [2015-06-02 09:16:35] [main:8098ms]-[INFO] [AvailableTest:101][test_create_table] 
test_put: 10 items in 1 conn: 8 ms [2015-06-02 09:16:40] [main:13136ms]-[INFO] [AvailableTest:147][test_put] 
test_get: 10 items in 1 conn: 1110 ms [2015-06-02 09:16:47] [main:20246ms]-[INFO] [AvailableTest:173][test_get] 
test_drop_table: ava_test_table_1433207787405 in 1 conn: 3225 ms [2015-06-02 09:16:56] [main:28472ms]-[INFO] [AvailableTest:120][test_drop_table] 
test_list_tables: 6 tables in 1 conn: 58 ms [2015-06-02 09:17:21] [Thread-7:0ms]-[INFO] [AvailableTest:81][test_list_tables] 
test_list_tables: 6 tables in 1 conn: 34 ms [2015-06-02 09:17:21] [Thread-5:24ms]-[INFO] [AvailableTest:81][test_list_tables] 
test_list_tables: 6 tables in 1 conn: 49 ms [2015-06-02 09:17:21] [Thread-3:229ms]-[INFO] [AvailableTest:81][test_list_tables] 
test_list_tables: 6 tables in 1 conn: 88 ms [2015-06-02 09:17:21] [Thread-1:268ms]-[INFO] [AvailableTest:81][test_list_tables] 
test_list_tables: 6 tables in 1 conn: 68 ms [2015-06-02 09:17:21] [Thread-4:268ms]-[INFO] [AvailableTest:81][test_list_tables] 
test_list_tables: 6 tables in 1 conn: 83 ms [2015-06-02 09:17:21] [Thread-0:293ms]-[INFO] [AvailableTest:81][test_list_tables] 
test_list_tables: 6 tables in 1 conn: 36 ms [2015-06-02 09:17:22] [Thread-2:496ms]-[INFO] [AvailableTest:81][test_list_tables] 
test_list_tables: 6 tables in 1 conn: 32 ms [2015-06-02 09:17:22] [Thread-6:792ms]-[INFO] [AvailableTest:81][test_list_tables] 
test_create_table: ava_test_table_1433207841735 in 1 conn: 1494 ms [2015-06-02 09:17:28] [Thread-1:6763ms]-[INFO] [AvailableTest:101][test_create_table] 
test_put: 10 items in 1 conn: 7 ms [2015-06-02 09:17:33] [Thread-1:11771ms]-[INFO] [AvailableTest:147][test_put] 
test_get: 10 items in 1 conn: 38 ms [2015-06-02 09:17:39] [Thread-1:17809ms]-[INFO] [AvailableTest:173][test_get] 
test_create_table: ava_test_table_1433207841486 in 1 conn: 13494 ms [2015-06-02 09:17:40] [Thread-7:18496ms]-[INFO] [AvailableTest:101][test_create_table] 
test_create_table: ava_test_table_1433207841765 in 1 conn: 13482 ms [2015-06-02 09:17:40] [Thread-0:18776ms]-[INFO] [AvailableTest:101][test_create_table] 
test_create_table: ava_test_table_1433207842015 in 1 conn: 13386 ms [2015-06-02 09:17:40] [Thread-2:18883ms]-[INFO] [AvailableTest:101][test_create_table] 
test_create_table: ava_test_table_1433207841545 in 1 conn: 14540 ms [2015-06-02 09:17:41] [Thread-5:19564ms]-[INFO] [AvailableTest:101][test_create_table] 
test_create_table: ava_test_table_1433207841735 in 1 conn: 14432 ms [2015-06-02 09:17:41] [Thread-3:19661ms]-[INFO] [AvailableTest:101][test_create_table] 
test_create_table: ava_test_table_1433207841755 in 1 conn: 14496 ms [2015-06-02 09:17:41] [Thread-4:19766ms]-[INFO] [AvailableTest:101][test_create_table] 
test_create_table: ava_test_table_1433207842315 in 1 conn: 14457 ms [2015-06-02 09:17:41] [Thread-6:20250ms]-[INFO] [AvailableTest:101][test_create_table] 
test_put: 10 items in 1 conn: 2 ms [2015-06-02 09:17:45] [Thread-7:23499ms]-[INFO] [AvailableTest:147][test_put] 
test_put: 10 items in 1 conn: 2 ms [2015-06-02 09:17:45] [Thread-0:23779ms]-[INFO] [AvailableTest:147][test_put] 
test_put: 10 items in 1 conn: 3 ms [2015-06-02 09:17:45] [Thread-2:23886ms]-[INFO] [AvailableTest:147][test_put] 
test_put: 10 items in 1 conn: 3 ms [2015-06-02 09:17:46] [Thread-5:24567ms]-[INFO] [AvailableTest:147][test_put] 
test_put: 10 items in 1 conn: 2 ms [2015-06-02 09:17:46] [Thread-3:24665ms]-[INFO] [AvailableTest:147][test_put] 
test_put: 10 items in 1 conn: 3 ms [2015-06-02 09:17:46] [Thread-4:24769ms]-[INFO] [AvailableTest:147][test_put] 
test_put: 10 items in 1 conn: 3 ms [2015-06-02 09:17:46] [Thread-6:25253ms]-[INFO] [AvailableTest:147][test_put] 
test_drop_table: ava_test_table_1433207841735 in 1 conn: 2642 ms [2015-06-02 09:17:47] [Thread-1:25451ms]-[INFO] [AvailableTest:120][test_drop_table] 
test_get: 10 items in 1 conn: 37 ms [2015-06-02 09:17:51] [Thread-7:29537ms]-[INFO] [AvailableTest:173][test_get] 
test_get: 10 items in 1 conn: 34 ms [2015-06-02 09:17:51] [Thread-0:29814ms]-[INFO] [AvailableTest:173][test_get] 
test_get: 10 items in 1 conn: 31 ms [2015-06-02 09:17:51] [Thread-2:29917ms]-[INFO] [AvailableTest:173][test_get] 
test_get: 10 items in 1 conn: 31 ms [2015-06-02 09:17:52] [Thread-5:30598ms]-[INFO] [AvailableTest:173][test_get] 
test_get: 10 items in 1 conn: 27 ms [2015-06-02 09:17:52] [Thread-4:30796ms]-[INFO] [AvailableTest:173][test_get] 
test_get: 10 items in 1 conn: 335 ms [2015-06-02 09:17:52] [Thread-3:31001ms]-[INFO] [AvailableTest:173][test_get] 
test_get: 10 items in 1 conn: 27 ms [2015-06-02 09:17:52] [Thread-6:31281ms]-[INFO] [AvailableTest:173][test_get] 
drop table ava_test_table_1433207841486 failure [2015-06-02 09:17:56] [Thread-7:34553ms]-[ERROR] [Connection:101][dropTable] 
org.apache.thrift.TApplicationException: Internal error processing dropTable
	at org.apache.thrift.TApplicationException.read(TApplicationException.java:111)
	at org.apache.thrift.TServiceClient.receiveBase(TServiceClient.java:71)
	at org.cesl.sensordb.service.SensorDBRPC$Client.recv_dropTable(SensorDBRPC.java:161)
	at org.cesl.sensordb.service.SensorDBRPC$Client.dropTable(SensorDBRPC.java:148)
	at org.cesl.sensordb.client.Connection.dropTable(Connection.java:99)
	at com.inesa.sensordb.api.test.AvailableTest.test_drop_table(AvailableTest.java:118)
	at com.inesa.sensordb.api.test.AvailableTest.run_available_test(AvailableTest.java:66)
	at com.inesa.sensordb.api.test.ConcurrentTest$MyWorker.run(ConcurrentTest.java:76)
	at java.lang.Thread.run(Thread.java:745)
test_drop_table: ava_test_table_1433207841486 in 1 conn: 17 ms [2015-06-02 09:17:56] [Thread-7:34554ms]-[INFO] [AvailableTest:120][test_drop_table] 
drop table ava_test_table_1433207841765 failure [2015-06-02 09:17:56] [Thread-0:34822ms]-[ERROR] [Connection:101][dropTable] 
org.apache.thrift.TApplicationException: Internal error processing dropTable
	at org.apache.thrift.TApplicationException.read(TApplicationException.java:111)
	at org.apache.thrift.TServiceClient.receiveBase(TServiceClient.java:71)
	at org.cesl.sensordb.service.SensorDBRPC$Client.recv_dropTable(SensorDBRPC.java:161)
	at org.cesl.sensordb.service.SensorDBRPC$Client.dropTable(SensorDBRPC.java:148)
	at org.cesl.sensordb.client.Connection.dropTable(Connection.java:99)
	at com.inesa.sensordb.api.test.AvailableTest.test_drop_table(AvailableTest.java:118)
	at com.inesa.sensordb.api.test.AvailableTest.run_available_test(AvailableTest.java:66)
	at com.inesa.sensordb.api.test.ConcurrentTest$MyWorker.run(ConcurrentTest.java:76)
	at java.lang.Thread.run(Thread.java:745)
test_drop_table: ava_test_table_1433207841765 in 1 conn: 7 ms [2015-06-02 09:17:56] [Thread-0:34822ms]-[INFO] [AvailableTest:120][test_drop_table] 
drop table ava_test_table_1433207842015 failure [2015-06-02 09:17:56] [Thread-2:34922ms]-[ERROR] [Connection:101][dropTable] 
org.apache.thrift.TApplicationException: Internal error processing dropTable
	at org.apache.thrift.TApplicationException.read(TApplicationException.java:111)
	at org.apache.thrift.TServiceClient.receiveBase(TServiceClient.java:71)
	at org.cesl.sensordb.service.SensorDBRPC$Client.recv_dropTable(SensorDBRPC.java:161)
	at org.cesl.sensordb.service.SensorDBRPC$Client.dropTable(SensorDBRPC.java:148)
	at org.cesl.sensordb.client.Connection.dropTable(Connection.java:99)
	at com.inesa.sensordb.api.test.AvailableTest.test_drop_table(AvailableTest.java:118)
	at com.inesa.sensordb.api.test.AvailableTest.run_available_test(AvailableTest.java:66)
	at com.inesa.sensordb.api.test.ConcurrentTest$MyWorker.run(ConcurrentTest.java:76)
	at java.lang.Thread.run(Thread.java:745)
test_drop_table: ava_test_table_1433207842015 in 1 conn: 6 ms [2015-06-02 09:17:56] [Thread-2:34923ms]-[INFO] [AvailableTest:120][test_drop_table] 
drop table ava_test_table_1433207841545 failure [2015-06-02 09:17:57] [Thread-5:35613ms]-[ERROR] [Connection:101][dropTable] 
org.apache.thrift.TApplicationException: Internal error processing dropTable
	at org.apache.thrift.TApplicationException.read(TApplicationException.java:111)
	at org.apache.thrift.TServiceClient.receiveBase(TServiceClient.java:71)
	at org.cesl.sensordb.service.SensorDBRPC$Client.recv_dropTable(SensorDBRPC.java:161)
	at org.cesl.sensordb.service.SensorDBRPC$Client.dropTable(SensorDBRPC.java:148)
	at org.cesl.sensordb.client.Connection.dropTable(Connection.java:99)
	at com.inesa.sensordb.api.test.AvailableTest.test_drop_table(AvailableTest.java:118)
	at com.inesa.sensordb.api.test.AvailableTest.run_available_test(AvailableTest.java:66)
	at com.inesa.sensordb.api.test.ConcurrentTest$MyWorker.run(ConcurrentTest.java:76)
	at java.lang.Thread.run(Thread.java:745)
test_drop_table: ava_test_table_1433207841545 in 1 conn: 15 ms [2015-06-02 09:17:57] [Thread-5:35614ms]-[INFO] [AvailableTest:120][test_drop_table] 
drop table ava_test_table_1433207841755 failure [2015-06-02 09:17:57] [Thread-4:35803ms]-[ERROR] [Connection:101][dropTable] 
org.apache.thrift.TApplicationException: Internal error processing dropTable
	at org.apache.thrift.TApplicationException.read(TApplicationException.java:111)
	at org.apache.thrift.TServiceClient.receiveBase(TServiceClient.java:71)
	at org.cesl.sensordb.service.SensorDBRPC$Client.recv_dropTable(SensorDBRPC.java:161)
	at org.cesl.sensordb.service.SensorDBRPC$Client.dropTable(SensorDBRPC.java:148)
	at org.cesl.sensordb.client.Connection.dropTable(Connection.java:99)
	at com.inesa.sensordb.api.test.AvailableTest.test_drop_table(AvailableTest.java:118)
	at com.inesa.sensordb.api.test.AvailableTest.run_available_test(AvailableTest.java:66)
	at com.inesa.sensordb.api.test.ConcurrentTest$MyWorker.run(ConcurrentTest.java:76)
	at java.lang.Thread.run(Thread.java:745)
test_drop_table: ava_test_table_1433207841755 in 1 conn: 9 ms [2015-06-02 09:17:57] [Thread-4:35805ms]-[INFO] [AvailableTest:120][test_drop_table] 
drop table ava_test_table_1433207841735 failure [2015-06-02 09:17:57] [Thread-3:36007ms]-[ERROR] [Connection:101][dropTable] 
org.apache.thrift.TApplicationException: Internal error processing dropTable
	at org.apache.thrift.TApplicationException.read(TApplicationException.java:111)
	at org.apache.thrift.TServiceClient.receiveBase(TServiceClient.java:71)
	at org.cesl.sensordb.service.SensorDBRPC$Client.recv_dropTable(SensorDBRPC.java:161)
	at org.cesl.sensordb.service.SensorDBRPC$Client.dropTable(SensorDBRPC.java:148)
	at org.cesl.sensordb.client.Connection.dropTable(Connection.java:99)
	at com.inesa.sensordb.api.test.AvailableTest.test_drop_table(AvailableTest.java:118)
	at com.inesa.sensordb.api.test.AvailableTest.run_available_test(AvailableTest.java:66)
	at com.inesa.sensordb.api.test.ConcurrentTest$MyWorker.run(ConcurrentTest.java:76)
	at java.lang.Thread.run(Thread.java:745)
test_drop_table: ava_test_table_1433207841735 in 1 conn: 5 ms [2015-06-02 09:17:57] [Thread-3:36007ms]-[INFO] [AvailableTest:120][test_drop_table] 
drop table ava_test_table_1433207842315 failure [2015-06-02 09:17:57] [Thread-6:36289ms]-[ERROR] [Connection:101][dropTable] 
org.apache.thrift.TApplicationException: Internal error processing dropTable
	at org.apache.thrift.TApplicationException.read(TApplicationException.java:111)
	at org.apache.thrift.TServiceClient.receiveBase(TServiceClient.java:71)
	at org.cesl.sensordb.service.SensorDBRPC$Client.recv_dropTable(SensorDBRPC.java:161)
	at org.cesl.sensordb.service.SensorDBRPC$Client.dropTable(SensorDBRPC.java:148)
	at org.cesl.sensordb.client.Connection.dropTable(Connection.java:99)
	at com.inesa.sensordb.api.test.AvailableTest.test_drop_table(AvailableTest.java:118)
	at com.inesa.sensordb.api.test.AvailableTest.run_available_test(AvailableTest.java:66)
	at com.inesa.sensordb.api.test.ConcurrentTest$MyWorker.run(ConcurrentTest.java:76)
	at java.lang.Thread.run(Thread.java:745)
test_drop_table: ava_test_table_1433207842315 in 1 conn: 8 ms [2015-06-02 09:17:57] [Thread-6:36289ms]-[INFO] [AvailableTest:120][test_drop_table] 
list all the table names failure [2015-06-02 09:37:38] [Thread-2:1ms]-[ERROR] [Connection:441][listTableNames] 
org.apache.thrift.TApplicationException: Internal error processing listTableNames
	at org.apache.thrift.TApplicationException.read(TApplicationException.java:111)
	at org.apache.thrift.TServiceClient.receiveBase(TServiceClient.java:71)
	at org.cesl.sensordb.service.SensorDBRPC$Client.recv_listTableNames(SensorDBRPC.java:358)
	at org.cesl.sensordb.service.SensorDBRPC$Client.listTableNames(SensorDBRPC.java:346)
	at org.cesl.sensordb.client.Connection.listTableNames(Connection.java:439)
	at com.inesa.sensordb.api.test.AvailableTest.test_list_tables(AvailableTest.java:79)
	at com.inesa.sensordb.api.test.AvailableTest.run_available_test(AvailableTest.java:51)
	at com.inesa.sensordb.api.test.ConcurrentTest$MyWorker.run(ConcurrentTest.java:76)
	at java.lang.Thread.run(Thread.java:745)
list all the table names failure [2015-06-02 09:37:38] [Thread-3:324ms]-[ERROR] [Connection:441][listTableNames] 
org.apache.thrift.TApplicationException: Internal error processing listTableNames
	at org.apache.thrift.TApplicationException.read(TApplicationException.java:111)
	at org.apache.thrift.TServiceClient.receiveBase(TServiceClient.java:71)
	at org.cesl.sensordb.service.SensorDBRPC$Client.recv_listTableNames(SensorDBRPC.java:358)
	at org.cesl.sensordb.service.SensorDBRPC$Client.listTableNames(SensorDBRPC.java:346)
	at org.cesl.sensordb.client.Connection.listTableNames(Connection.java:439)
	at com.inesa.sensordb.api.test.AvailableTest.test_list_tables(AvailableTest.java:79)
	at com.inesa.sensordb.api.test.AvailableTest.run_available_test(AvailableTest.java:51)
	at com.inesa.sensordb.api.test.ConcurrentTest$MyWorker.run(ConcurrentTest.java:76)
	at java.lang.Thread.run(Thread.java:745)
list all the table names failure [2015-06-02 09:37:39] [Thread-0:842ms]-[ERROR] [Connection:441][listTableNames] 
org.apache.thrift.TApplicationException: Internal error processing listTableNames
	at org.apache.thrift.TApplicationException.read(TApplicationException.java:111)
	at org.apache.thrift.TServiceClient.receiveBase(TServiceClient.java:71)
	at org.cesl.sensordb.service.SensorDBRPC$Client.recv_listTableNames(SensorDBRPC.java:358)
	at org.cesl.sensordb.service.SensorDBRPC$Client.listTableNames(SensorDBRPC.java:346)
	at org.cesl.sensordb.client.Connection.listTableNames(Connection.java:439)
	at com.inesa.sensordb.api.test.AvailableTest.test_list_tables(AvailableTest.java:79)
	at com.inesa.sensordb.api.test.AvailableTest.run_available_test(AvailableTest.java:51)
	at com.inesa.sensordb.api.test.ConcurrentTest$MyWorker.run(ConcurrentTest.java:76)
	at java.lang.Thread.run(Thread.java:745)
list all the table names failure [2015-06-02 09:37:39] [Thread-1:872ms]-[ERROR] [Connection:441][listTableNames] 
org.apache.thrift.TApplicationException: Internal error processing listTableNames
	at org.apache.thrift.TApplicationException.read(TApplicationException.java:111)
	at org.apache.thrift.TServiceClient.receiveBase(TServiceClient.java:71)
	at org.cesl.sensordb.service.SensorDBRPC$Client.recv_listTableNames(SensorDBRPC.java:358)
	at org.cesl.sensordb.service.SensorDBRPC$Client.listTableNames(SensorDBRPC.java:346)
	at org.cesl.sensordb.client.Connection.listTableNames(Connection.java:439)
	at com.inesa.sensordb.api.test.AvailableTest.test_list_tables(AvailableTest.java:79)
	at com.inesa.sensordb.api.test.AvailableTest.run_available_test(AvailableTest.java:51)
	at com.inesa.sensordb.api.test.ConcurrentTest$MyWorker.run(ConcurrentTest.java:76)
	at java.lang.Thread.run(Thread.java:745)
list all the table names failure [2015-06-02 09:39:35] [Thread-1:0ms]-[ERROR] [Connection:441][listTableNames] 
org.apache.thrift.TApplicationException: Internal error processing listTableNames
	at org.apache.thrift.TApplicationException.read(TApplicationException.java:111)
	at org.apache.thrift.TServiceClient.receiveBase(TServiceClient.java:71)
	at org.cesl.sensordb.service.SensorDBRPC$Client.recv_listTableNames(SensorDBRPC.java:358)
	at org.cesl.sensordb.service.SensorDBRPC$Client.listTableNames(SensorDBRPC.java:346)
	at org.cesl.sensordb.client.Connection.listTableNames(Connection.java:439)
	at com.inesa.sensordb.api.test.AvailableTest.test_list_tables(AvailableTest.java:79)
	at com.inesa.sensordb.api.test.AvailableTest.run_available_test(AvailableTest.java:51)
	at com.inesa.sensordb.api.test.ConcurrentTest$MyWorker.run(ConcurrentTest.java:76)
	at java.lang.Thread.run(Thread.java:745)
list all the table names failure [2015-06-02 09:39:35] [Thread-2:270ms]-[ERROR] [Connection:441][listTableNames] 
org.apache.thrift.TApplicationException: Internal error processing listTableNames
	at org.apache.thrift.TApplicationException.read(TApplicationException.java:111)
	at org.apache.thrift.TServiceClient.receiveBase(TServiceClient.java:71)
	at org.cesl.sensordb.service.SensorDBRPC$Client.recv_listTableNames(SensorDBRPC.java:358)
	at org.cesl.sensordb.service.SensorDBRPC$Client.listTableNames(SensorDBRPC.java:346)
	at org.cesl.sensordb.client.Connection.listTableNames(Connection.java:439)
	at com.inesa.sensordb.api.test.AvailableTest.test_list_tables(AvailableTest.java:79)
	at com.inesa.sensordb.api.test.AvailableTest.run_available_test(AvailableTest.java:51)
	at com.inesa.sensordb.api.test.ConcurrentTest$MyWorker.run(ConcurrentTest.java:76)
	at java.lang.Thread.run(Thread.java:745)
list all the table names failure [2015-06-02 09:39:35] [Thread-3:378ms]-[ERROR] [Connection:441][listTableNames] 
org.apache.thrift.TApplicationException: Internal error processing listTableNames
	at org.apache.thrift.TApplicationException.read(TApplicationException.java:111)
	at org.apache.thrift.TServiceClient.receiveBase(TServiceClient.java:71)
	at org.cesl.sensordb.service.SensorDBRPC$Client.recv_listTableNames(SensorDBRPC.java:358)
	at org.cesl.sensordb.service.SensorDBRPC$Client.listTableNames(SensorDBRPC.java:346)
	at org.cesl.sensordb.client.Connection.listTableNames(Connection.java:439)
	at com.inesa.sensordb.api.test.AvailableTest.test_list_tables(AvailableTest.java:79)
	at com.inesa.sensordb.api.test.AvailableTest.run_available_test(AvailableTest.java:51)
	at com.inesa.sensordb.api.test.ConcurrentTest$MyWorker.run(ConcurrentTest.java:76)
	at java.lang.Thread.run(Thread.java:745)
test_list_tables: 14 tables in 1 conn: 48 ms [2015-06-02 09:39:36] [Thread-0:940ms]-[INFO] [AvailableTest:81][test_list_tables] 
create table ava_test_table_1433209176381 failure [2015-06-02 09:39:41] [Thread-0:5949ms]-[ERROR] [Connection:87][createTable] 
org.apache.thrift.TApplicationException: Internal error processing createTable
	at org.apache.thrift.TApplicationException.read(TApplicationException.java:111)
	at org.apache.thrift.TServiceClient.receiveBase(TServiceClient.java:71)
	at org.cesl.sensordb.service.SensorDBRPC$Client.recv_createTable(SensorDBRPC.java:141)
	at org.cesl.sensordb.service.SensorDBRPC$Client.createTable(SensorDBRPC.java:128)
	at org.cesl.sensordb.client.Connection.createTable(Connection.java:85)
	at com.inesa.sensordb.api.test.AvailableTest.test_create_table(AvailableTest.java:99)
	at com.inesa.sensordb.api.test.AvailableTest.run_available_test(AvailableTest.java:54)
	at com.inesa.sensordb.api.test.ConcurrentTest$MyWorker.run(ConcurrentTest.java:76)
	at java.lang.Thread.run(Thread.java:745)
test_create_table: ava_test_table_1433209176381 in 1 conn: 9 ms [2015-06-02 09:39:41] [Thread-0:5949ms]-[INFO] [AvailableTest:101][test_create_table] 
test_put: 10 items in 1 conn: 1006 ms [2015-06-02 09:39:47] [Thread-0:11957ms]-[INFO] [AvailableTest:147][test_put] 
test_get: 10 items in 1 conn: 46 ms [2015-06-02 09:39:53] [Thread-0:18004ms]-[INFO] [AvailableTest:173][test_get] 
drop table ava_test_table_1433209176381 failure [2015-06-02 09:39:58] [Thread-0:23221ms]-[ERROR] [Connection:101][dropTable] 
org.apache.thrift.TApplicationException: Internal error processing dropTable
	at org.apache.thrift.TApplicationException.read(TApplicationException.java:111)
	at org.apache.thrift.TServiceClient.receiveBase(TServiceClient.java:71)
	at org.cesl.sensordb.service.SensorDBRPC$Client.recv_dropTable(SensorDBRPC.java:161)
	at org.cesl.sensordb.service.SensorDBRPC$Client.dropTable(SensorDBRPC.java:148)
	at org.cesl.sensordb.client.Connection.dropTable(Connection.java:99)
	at com.inesa.sensordb.api.test.AvailableTest.test_drop_table(AvailableTest.java:118)
	at com.inesa.sensordb.api.test.AvailableTest.run_available_test(AvailableTest.java:66)
	at com.inesa.sensordb.api.test.ConcurrentTest$MyWorker.run(ConcurrentTest.java:76)
	at java.lang.Thread.run(Thread.java:745)
test_drop_table: ava_test_table_1433209176381 in 1 conn: 217 ms [2015-06-02 09:39:58] [Thread-0:23222ms]-[INFO] [AvailableTest:120][test_drop_table] 
list all the table names failure [2015-06-02 09:49:53] [main:1ms]-[ERROR] [Connection:441][listTableNames] 
org.apache.thrift.TApplicationException: Internal error processing listTableNames
	at org.apache.thrift.TApplicationException.read(TApplicationException.java:111)
	at org.apache.thrift.TServiceClient.receiveBase(TServiceClient.java:71)
	at org.cesl.sensordb.service.SensorDBRPC$Client.recv_listTableNames(SensorDBRPC.java:358)
	at org.cesl.sensordb.service.SensorDBRPC$Client.listTableNames(SensorDBRPC.java:346)
	at org.cesl.sensordb.client.Connection.listTableNames(Connection.java:439)
	at com.inesa.sensordb.api.test.AvailableTest.test_list_tables(AvailableTest.java:79)
	at com.inesa.sensordb.api.test.AvailableTest.run_available_test(AvailableTest.java:51)
	at com.inesa.sensordb.api.Main.main(Main.java:60)
	at sun.reflect.NativeMethodAccessorImpl.invoke0(Native Method)
	at sun.reflect.NativeMethodAccessorImpl.invoke(NativeMethodAccessorImpl.java:57)
	at sun.reflect.DelegatingMethodAccessorImpl.invoke(DelegatingMethodAccessorImpl.java:43)
	at java.lang.reflect.Method.invoke(Method.java:606)
	at com.intellij.rt.execution.application.AppMain.main(AppMain.java:140)
scan 0 items in 1 conn: 0 ms [2015-06-02 11:17:14] [main:0ms]-[INFO] [SensordbClient:358][get_json_record] 
scan 389 items in 1 conn: 13032 ms [2015-06-02 11:19:57] [main:0ms]-[INFO] [SensordbClient:358][get_json_record] 
scan 389 items in 1 conn: 4080 ms [2015-06-02 11:21:31] [main:0ms]-[INFO] [SensordbClient:358][get_json_record] 
scan 389 items in 1 conn: 2954 ms [2015-06-02 11:24:48] [main:0ms]-[INFO] [SensordbClient:358][get_json_record] 
drop matched tables failure, regex is ^ava_test_table_.* [2015-06-02 11:39:25] [main:1ms]-[ERROR] [Connection:115][dropTables] 
org.apache.thrift.TApplicationException: Internal error processing dropTables
	at org.apache.thrift.TApplicationException.read(TApplicationException.java:111)
	at org.apache.thrift.TServiceClient.receiveBase(TServiceClient.java:71)
	at org.cesl.sensordb.service.SensorDBRPC$Client.recv_dropTables(SensorDBRPC.java:181)
	at org.cesl.sensordb.service.SensorDBRPC$Client.dropTables(SensorDBRPC.java:168)
	at org.cesl.sensordb.client.Connection.dropTables(Connection.java:113)
	at com.inesa.sensordb.api.Main.main(Main.java:45)
	at sun.reflect.NativeMethodAccessorImpl.invoke0(Native Method)
	at sun.reflect.NativeMethodAccessorImpl.invoke(NativeMethodAccessorImpl.java:57)
	at sun.reflect.DelegatingMethodAccessorImpl.invoke(DelegatingMethodAccessorImpl.java:43)
	at java.lang.reflect.Method.invoke(Method.java:606)
	at com.intellij.rt.execution.application.AppMain.main(AppMain.java:140)
drop matched tables failure, regex is ^ava_test_table_.* [2015-06-02 11:39:32] [main:0ms]-[ERROR] [Connection:115][dropTables] 
org.apache.thrift.TApplicationException: Internal error processing dropTables
	at org.apache.thrift.TApplicationException.read(TApplicationException.java:111)
	at org.apache.thrift.TServiceClient.receiveBase(TServiceClient.java:71)
	at org.cesl.sensordb.service.SensorDBRPC$Client.recv_dropTables(SensorDBRPC.java:181)
	at org.cesl.sensordb.service.SensorDBRPC$Client.dropTables(SensorDBRPC.java:168)
	at org.cesl.sensordb.client.Connection.dropTables(Connection.java:113)
	at com.inesa.sensordb.api.Main.main(Main.java:45)
	at sun.reflect.NativeMethodAccessorImpl.invoke0(Native Method)
	at sun.reflect.NativeMethodAccessorImpl.invoke(NativeMethodAccessorImpl.java:57)
	at sun.reflect.DelegatingMethodAccessorImpl.invoke(DelegatingMethodAccessorImpl.java:43)
	at java.lang.reflect.Method.invoke(Method.java:606)
	at com.intellij.rt.execution.application.AppMain.main(AppMain.java:140)
drop matched tables failure, regex is ^ava_test_table_.* [2015-06-02 11:39:34] [main:0ms]-[ERROR] [Connection:115][dropTables] 
org.apache.thrift.TApplicationException: Internal error processing dropTables
	at org.apache.thrift.TApplicationException.read(TApplicationException.java:111)
	at org.apache.thrift.TServiceClient.receiveBase(TServiceClient.java:71)
	at org.cesl.sensordb.service.SensorDBRPC$Client.recv_dropTables(SensorDBRPC.java:181)
	at org.cesl.sensordb.service.SensorDBRPC$Client.dropTables(SensorDBRPC.java:168)
	at org.cesl.sensordb.client.Connection.dropTables(Connection.java:113)
	at com.inesa.sensordb.api.Main.main(Main.java:45)
	at sun.reflect.NativeMethodAccessorImpl.invoke0(Native Method)
	at sun.reflect.NativeMethodAccessorImpl.invoke(NativeMethodAccessorImpl.java:57)
	at sun.reflect.DelegatingMethodAccessorImpl.invoke(DelegatingMethodAccessorImpl.java:43)
	at java.lang.reflect.Method.invoke(Method.java:606)
	at com.intellij.rt.execution.application.AppMain.main(AppMain.java:140)
drop matched tables failure, regex is ^ava_test_table_.* [2015-06-02 11:39:36] [main:0ms]-[ERROR] [Connection:115][dropTables] 
org.apache.thrift.TApplicationException: Internal error processing dropTables
	at org.apache.thrift.TApplicationException.read(TApplicationException.java:111)
	at org.apache.thrift.TServiceClient.receiveBase(TServiceClient.java:71)
	at org.cesl.sensordb.service.SensorDBRPC$Client.recv_dropTables(SensorDBRPC.java:181)
	at org.cesl.sensordb.service.SensorDBRPC$Client.dropTables(SensorDBRPC.java:168)
	at org.cesl.sensordb.client.Connection.dropTables(Connection.java:113)
	at com.inesa.sensordb.api.Main.main(Main.java:45)
	at sun.reflect.NativeMethodAccessorImpl.invoke0(Native Method)
	at sun.reflect.NativeMethodAccessorImpl.invoke(NativeMethodAccessorImpl.java:57)
	at sun.reflect.DelegatingMethodAccessorImpl.invoke(DelegatingMethodAccessorImpl.java:43)
	at java.lang.reflect.Method.invoke(Method.java:606)
	at com.intellij.rt.execution.application.AppMain.main(AppMain.java:140)
scan 389 items in 1 conn: 2035 ms [2015-06-02 13:39:42] [main:0ms]-[INFO] [SensordbClient:358][get_json_record] 
put 1000000 items in 1 conn: 183259 ms [2015-06-02 13:56:06] [main:0ms]-[INFO] [Main:322][put_performance] 
put 1000000 items in 1 conn: 187918 ms [2015-06-02 13:59:14] [main:188282ms]-[INFO] [Main:322][put_performance] 
scan 0 items in 1 conn: 0 ms [2015-06-02 14:07:07] [main:1ms]-[INFO] [SensordbClient:358][get_json_record] 
scan 389 items in 1 conn: 1842 ms [2015-06-02 14:07:34] [main:0ms]-[INFO] [SensordbClient:358][get_json_record] 
scan 389 items in 1 conn: 1547 ms [2015-06-02 14:08:18] [main:0ms]-[INFO] [SensordbClient:358][get_json_record] 
scan 389 items in 1 conn: 0 ms [2015-06-02 14:08:34] [main:0ms]-[INFO] [SensordbClient:358][get_json_record] 
scan 389 items in 1 conn: 1912 ms [2015-06-02 14:08:58] [main:0ms]-[INFO] [SensordbClient:358][get_json_record] 
scan 389 items in 1 conn: 2364 ms [2015-06-02 14:09:14] [main:0ms]-[INFO] [SensordbClient:358][get_json_record] 
scan 389 items in 1 conn: 1804 ms [2015-06-02 14:09:34] [main:0ms]-[INFO] [SensordbClient:358][get_json_record] 
scan 389 items in 1 conn: 3200 ms [2015-06-02 14:09:42] [main:0ms]-[INFO] [SensordbClient:358][get_json_record] 
scan 389 items in 1 conn: 1429 ms [2015-06-02 14:09:47] [main:0ms]-[INFO] [SensordbClient:358][get_json_record] 
scan 389 items in 1 conn: 1916 ms [2015-06-02 14:11:07] [main:0ms]-[INFO] [SensordbClient:358][get_json_record] 
scan 136 items in 1 conn: 689 ms [2015-06-02 14:11:15] [main:0ms]-[INFO] [SensordbClient:358][get_json_record] 
scan 136 items in 1 conn: 1085 ms [2015-06-02 14:17:48] [main:0ms]-[INFO] [SensordbClient:358][get_json_record] 
scan 136 items in 1 conn: 1135 ms [2015-06-02 14:18:32] [main:0ms]-[INFO] [SensordbClient:358][get_json_record] 
scan 136 items in 1 conn: 4165 ms [2015-06-02 14:18:36] [main:4185ms]-[INFO] [SensordbClient:358][get_json_record] 
scan 136 items in 1 conn: 14824 ms [2015-06-02 14:18:51] [main:19057ms]-[INFO] [SensordbClient:358][get_json_record] 
scan 136 items in 1 conn: 20871 ms [2015-06-02 14:19:12] [main:39975ms]-[INFO] [SensordbClient:358][get_json_record] 
scan 136 items in 1 conn: 17951 ms [2015-06-02 14:19:31] [main:58970ms]-[INFO] [SensordbClient:358][get_json_record] 
scan 136 items in 1 conn: 11265 ms [2015-06-02 14:19:43] [main:70279ms]-[INFO] [SensordbClient:358][get_json_record] 
scan 136 items in 1 conn: 11320 ms [2015-06-02 14:19:55] [main:82645ms]-[INFO] [SensordbClient:358][get_json_record] 
scan 136 items in 1 conn: 14361 ms [2015-06-02 14:20:12] [main:99478ms]-[INFO] [SensordbClient:358][get_json_record] 
scan 136 items in 1 conn: 8869 ms [2015-06-02 14:20:21] [main:108410ms]-[INFO] [SensordbClient:358][get_json_record] 
scan 136 items in 1 conn: 14356 ms [2015-06-02 14:20:35] [main:122817ms]-[INFO] [SensordbClient:358][get_json_record] 
fetch 389 items in 1 conn: 10317 ms [2015-06-02 14:21:40] [main:0ms]-[INFO] [SensordbClient:358][get_json_record] 
fetch 389 items in 1 conn: 9418 ms [2015-06-02 14:21:50] [main:9488ms]-[INFO] [SensordbClient:358][get_json_record] 
fetch 389 items in 1 conn: 10088 ms [2015-06-02 14:22:00] [main:19824ms]-[INFO] [SensordbClient:358][get_json_record] 
fetch 389 items in 1 conn: 6289 ms [2015-06-02 14:22:06] [main:26181ms]-[INFO] [SensordbClient:358][get_json_record] 
fetch 389 items in 1 conn: 6737 ms [2015-06-02 14:22:13] [main:32943ms]-[INFO] [SensordbClient:358][get_json_record] 
fetch 389 items in 1 conn: 1686 ms [2015-06-02 14:22:15] [main:34654ms]-[INFO] [SensordbClient:358][get_json_record] 
fetch 389 items in 1 conn: 5596 ms [2015-06-02 14:22:21] [main:40272ms]-[INFO] [SensordbClient:358][get_json_record] 
fetch 389 items in 1 conn: 8961 ms [2015-06-02 14:22:30] [main:49255ms]-[INFO] [SensordbClient:358][get_json_record] 
fetch 389 items in 1 conn: 8748 ms [2015-06-02 14:22:39] [main:58232ms]-[INFO] [SensordbClient:358][get_json_record] 
fetch 389 items in 1 conn: 6135 ms [2015-06-02 14:22:45] [main:64402ms]-[INFO] [SensordbClient:358][get_json_record] 
fetch 389 items in 1 conn: 9602 ms [2015-06-02 14:23:24] [main:0ms]-[INFO] [SensordbClient:358][get_json_record] 
fetch 389 items in 1 conn: 10118 ms [2015-06-02 14:23:50] [main:0ms]-[INFO] [SensordbClient:358][get_json_record] 
fetch 617 items in 1 conn: 16818 ms [2015-06-02 14:24:18] [main:0ms]-[INFO] [SensordbClient:358][get_json_record] 
fetch 617 items in 1 conn: 6391 ms [2015-06-02 14:24:29] [main:0ms]-[INFO] [SensordbClient:358][get_json_record] 
fetch 617 items in 1 conn: 6689 ms [2015-06-02 14:24:41] [main:0ms]-[INFO] [SensordbClient:358][get_json_record] 
fetch 617 items in 1 conn: 8284 ms [2015-06-02 14:24:57] [main:0ms]-[INFO] [SensordbClient:358][get_json_record] 
fetch 617 items in 1 conn: 13503 ms [2015-06-02 14:25:21] [main:0ms]-[INFO] [SensordbClient:358][get_json_record] 
fetch 870 items in 1 conn: 8392 ms [2015-06-02 14:26:12] [main:0ms]-[INFO] [SensordbClient:358][get_json_record] 
fetch 870 items in 1 conn: 20337 ms [2015-06-02 14:59:32] [main:0ms]-[INFO] [SensordbClient:358][get_json_record] 
fetch 0 items in 1 conn: 0 ms [2015-06-02 14:59:43] [main:0ms]-[INFO] [SensordbClient:358][get_json_record] 
fetch 0 items in 1 conn: 0 ms [2015-06-02 15:00:04] [main:0ms]-[INFO] [SensordbClient:358][get_json_record] 
list all the table names failure [2015-06-02 15:20:11] [main:0ms]-[ERROR] [Connection:441][listTableNames] 
org.apache.thrift.TApplicationException: Internal error processing listTableNames
	at org.apache.thrift.TApplicationException.read(TApplicationException.java:111)
	at org.apache.thrift.TServiceClient.receiveBase(TServiceClient.java:71)
	at org.cesl.sensordb.service.SensorDBRPC$Client.recv_listTableNames(SensorDBRPC.java:358)
	at org.cesl.sensordb.service.SensorDBRPC$Client.listTableNames(SensorDBRPC.java:346)
	at org.cesl.sensordb.client.Connection.listTableNames(Connection.java:439)
	at com.inesa.sensordb.api.test.AvailableTest.test_list_tables(AvailableTest.java:87)
	at com.inesa.sensordb.api.test.AvailableTest.run_available_test(AvailableTest.java:53)
	at com.inesa.sensordb.api.Main.main(Main.java:60)
	at sun.reflect.NativeMethodAccessorImpl.invoke0(Native Method)
	at sun.reflect.NativeMethodAccessorImpl.invoke(NativeMethodAccessorImpl.java:57)
	at sun.reflect.DelegatingMethodAccessorImpl.invoke(DelegatingMethodAccessorImpl.java:43)
	at java.lang.reflect.Method.invoke(Method.java:606)
	at com.intellij.rt.execution.application.AppMain.main(AppMain.java:140)
test_list_tables: 6 tables in 1 conn: 10762 ms [2015-06-02 15:22:20] [main:0ms]-[INFO] [AvailableTest:89][test_list_tables] 
test_create_table: ava_test_table_1433229729528 in 1 conn: 2952 ms [2015-06-02 15:22:26] [main:5959ms]-[INFO] [AvailableTest:109][test_create_table] 
test_put: 10 items in 1 conn: 6 ms [2015-06-02 15:22:29] [main:8974ms]-[INFO] [AvailableTest:155][test_put] 
batchPut: 990 items in 1 conn: 40 ms [2015-06-02 15:22:32] [main:12016ms]-[INFO] [AvailableTest:184][test_batchPut] 
test_scan: 10 items in 1 conn: 1389 ms [2015-06-02 15:22:39] [main:19406ms]-[INFO] [AvailableTest:212][test_scan] 
test_fetch: 10 items in 1 conn: 516 ms [2015-06-02 15:22:44] [main:23945ms]-[INFO] [AvailableTest:239][test_fetch] 
test_drop_table: ava_test_table_1433229729528 in 1 conn: 3272 ms [2015-06-02 15:22:50] [main:30218ms]-[INFO] [AvailableTest:128][test_drop_table] 
test_list_tables: 6 tables in 1 conn: 58 ms [2015-06-02 15:24:40] [main:0ms]-[INFO] [AvailableTest:89][test_list_tables] 
test_create_table: ava_test_table_1433229880630 in 1 conn: 2464 ms [2015-06-02 15:24:46] [main:5466ms]-[INFO] [AvailableTest:109][test_create_table] 
test_put: 10 items in 1 conn: 6 ms [2015-06-02 15:24:49] [main:8475ms]-[INFO] [AvailableTest:155][test_put] 
batchPut: 990 items in 1 conn: 93 ms [2015-06-02 15:24:52] [main:11571ms]-[INFO] [AvailableTest:184][test_batchPut] 
test_scan: 1000 items in 1 conn: 1043 ms [2015-06-02 15:24:59] [main:18615ms]-[INFO] [AvailableTest:212][test_scan] 
test_fetch: 1000 items in 1 conn: 9885 ms [2015-06-02 15:25:12] [main:31531ms]-[INFO] [AvailableTest:239][test_fetch] 
test_drop_table: ava_test_table_1433229880630 in 1 conn: 3152 ms [2015-06-02 15:25:18] [main:37683ms]-[INFO] [AvailableTest:128][test_drop_table] 
test_list_tables: 6 tables in 1 conn: 57 ms [2015-06-02 15:26:13] [main:0ms]-[INFO] [AvailableTest:89][test_list_tables] 
test_create_table: ava_test_table_1433229973659 in 1 conn: 1580 ms [2015-06-02 15:26:18] [main:4582ms]-[INFO] [AvailableTest:109][test_create_table] 
test_put: 10 items in 1 conn: 6 ms [2015-06-02 15:26:21] [main:7592ms]-[INFO] [AvailableTest:155][test_put] 
batchPut: 990 items in 1 conn: 58 ms [2015-06-02 15:26:24] [main:10653ms]-[INFO] [AvailableTest:184][test_batchPut] 
test_scan: 1000 items in 1 conn: 42 ms [2015-06-02 15:26:30] [main:16696ms]-[INFO] [AvailableTest:212][test_scan] 
test_fetch: 1000 items in 1 conn: 14738 ms [2015-06-02 15:26:48] [main:34462ms]-[INFO] [AvailableTest:239][test_fetch] 
test_drop_table: ava_test_table_1433229973659 in 1 conn: 3121 ms [2015-06-02 15:26:54] [main:40583ms]-[INFO] [AvailableTest:128][test_drop_table] 
test_list_tables: 6 tables in 1 conn: 49 ms [2015-06-02 15:28:09] [main:0ms]-[INFO] [AvailableTest:89][test_list_tables] 
test_create_table: ava_test_table_1433230089492 in 1 conn: 2402 ms [2015-06-02 15:28:14] [main:5404ms]-[INFO] [AvailableTest:109][test_create_table] 
test_put: 100 items in 1 conn: 9 ms [2015-06-02 15:28:17] [main:8417ms]-[INFO] [AvailableTest:155][test_put] 
batchPut: 9900 items in 1 conn: 229 ms [2015-06-02 15:28:21] [main:11649ms]-[INFO] [AvailableTest:184][test_batchPut] 
test_scan: 10000 items in 1 conn: 75 ms [2015-06-02 15:28:27] [main:17725ms]-[INFO] [AvailableTest:212][test_scan] 
test_fetch: 10000 items in 1 conn: 125211 ms [2015-06-02 15:30:35] [main:145969ms]-[INFO] [AvailableTest:239][test_fetch] 
test_drop_table: ava_test_table_1433230089492 in 1 conn: 3063 ms [2015-06-02 15:30:41] [main:152033ms]-[INFO] [AvailableTest:128][test_drop_table] 
test_create_table: ava_test_table_1433230900673 in 1 conn: 1879 ms [2015-06-02 15:41:42] [main:0ms]-[INFO] [AvailableTest:152][test_create_table] 
test_put: 100 items in 1 conn: 33 ms [2015-06-02 15:41:45] [main:3044ms]-[INFO] [AvailableTest:198][test_put] 
batchPut: 9900 items in 1 conn: 259 ms [2015-06-02 15:41:48] [main:6311ms]-[INFO] [AvailableTest:227][test_batchPut] 
test_fetch: 10000 items in 1 conn: 112177 ms [2015-06-02 15:43:47] [main:124545ms]-[INFO] [AvailableTest:282][test_fetch] 
test_fetch: 10000 items in 1 conn: 111806 ms [2015-06-02 15:45:41] [main:239375ms]-[INFO] [AvailableTest:282][test_fetch] 
test_fetch: 10000 items in 1 conn: 82605 ms [2015-06-02 15:47:07] [main:325003ms]-[INFO] [AvailableTest:282][test_fetch] 
test_fetch: 10000 items in 1 conn: 121550 ms [2015-06-02 15:49:13] [main:450573ms]-[INFO] [AvailableTest:282][test_fetch] 
test_fetch: 10000 items in 1 conn: 108429 ms [2015-06-02 15:51:04] [main:562031ms]-[INFO] [AvailableTest:282][test_fetch] 
test_drop_table: ava_test_table_1433230900673 in 1 conn: 2819 ms [2015-06-02 15:51:10] [main:567851ms]-[INFO] [AvailableTest:171][test_drop_table] 
test_create_table: ava_test_table_1433231891869 in 1 conn: 1344 ms [2015-06-02 15:58:13] [main:0ms]-[INFO] [AvailableTest:195][test_create_table] 
test_put: 100 items in 1 conn: 10 ms [2015-06-02 15:58:16] [main:3019ms]-[INFO] [AvailableTest:241][test_put] 
batchPut: 9900 items in 1 conn: 210 ms [2015-06-02 15:58:19] [main:6233ms]-[INFO] [AvailableTest:271][test_batchPut] 
test_fetch: 10000 items in 1 conn: 116797 ms [2015-06-02 16:00:22] [main:129084ms]-[INFO] [AvailableTest:329][test_fetch] 
test_fetch: 10000 items in 1 conn: 176715 ms [2015-06-02 16:03:22] [main:308821ms]-[INFO] [AvailableTest:329][test_fetch] 
test_fetch: 10000 items in 1 conn: 306219 ms [2015-06-02 16:08:31] [main:618062ms]-[INFO] [AvailableTest:329][test_fetch] 
test_fetch: 10000 items in 1 conn: 276716 ms [2015-06-02 16:13:11] [main:897798ms]-[INFO] [AvailableTest:329][test_fetch] 
test_fetch: 10000 items in 1 conn: 210656 ms [2015-06-02 16:16:44] [main:1111595ms]-[INFO] [AvailableTest:329][test_fetch] 
test_drop_table: ava_test_table_1433231891869 in 1 conn: 2614 ms [2015-06-02 16:16:50] [main:1117210ms]-[INFO] [AvailableTest:214][test_drop_table] 
test_result: {fetchtime=217420} [2015-06-02 16:16:53] [main:1120211ms]-[INFO] [AvailableTest:120][fetch_performance_test] 
test_create_table: ava_test_table_1433231891869 in 1 conn: 2825 ms [2015-06-02 16:16:56] [main:1123036ms]-[INFO] [AvailableTest:195][test_create_table] 
batchPut: 9900 items in 1 conn: 133 ms [2015-06-02 16:16:59] [main:1126172ms]-[INFO] [AvailableTest:271][test_batchPut] 
batchPut: 9900 items in 1 conn: 106 ms [2015-06-02 16:17:05] [main:1132280ms]-[INFO] [AvailableTest:271][test_batchPut] 
batchPut: 9900 items in 1 conn: 121 ms [2015-06-02 16:17:11] [main:1138403ms]-[INFO] [AvailableTest:271][test_batchPut] 
batchPut: 9900 items in 1 conn: 106 ms [2015-06-02 16:17:19] [main:1146713ms]-[INFO] [AvailableTest:271][test_batchPut] 
batchPut: 9900 items in 1 conn: 111 ms [2015-06-02 16:17:26] [main:1152827ms]-[INFO] [AvailableTest:271][test_batchPut] 
test_drop_table: ava_test_table_1433231891869 in 1 conn: 2861 ms [2015-06-02 16:17:34] [main:1161691ms]-[INFO] [AvailableTest:214][test_drop_table] 
test_result: {batchPuttime=115} [2015-06-02 16:17:37] [main:1164692ms]-[INFO] [AvailableTest:162][batchPut_performance_test] 
test_create_table: ava_test_table_1433233247974 in 1 conn: 1837 ms [2015-06-02 16:20:49] [main:0ms]-[INFO] [AvailableTest:195][test_create_table] 
test_put: 50 items in 1 conn: 7 ms [2015-06-02 16:20:52] [main:3010ms]-[INFO] [AvailableTest:241][test_put] 
batchPut: 4950 items in 1 conn: 187 ms [2015-06-02 16:20:56] [main:6202ms]-[INFO] [AvailableTest:271][test_batchPut] 
test_fetch: 5000 items in 1 conn: 78702 ms [2015-06-02 16:22:20] [main:90956ms]-[INFO] [AvailableTest:329][test_fetch] 
test_fetch: 5000 items in 1 conn: 77320 ms [2015-06-02 16:23:41] [main:171310ms]-[INFO] [AvailableTest:329][test_fetch] 
test_fetch: 5000 items in 1 conn: 54693 ms [2015-06-02 16:24:38] [main:229019ms]-[INFO] [AvailableTest:329][test_fetch] 
test_fetch: 5000 items in 1 conn: 39906 ms [2015-06-02 16:25:21] [main:271950ms]-[INFO] [AvailableTest:329][test_fetch] 
test_fetch: 5000 items in 1 conn: 20396 ms [2015-06-02 16:25:45] [main:295366ms]-[INFO] [AvailableTest:329][test_fetch] 
test_drop_table: ava_test_table_1433233247974 in 1 conn: 2823 ms [2015-06-02 16:25:51] [main:301190ms]-[INFO] [AvailableTest:214][test_drop_table] 
test_result: {fetchtime=54203} [2015-06-02 16:25:54] [main:304190ms]-[INFO] [AvailableTest:120][fetch_performance_test] 
test_create_table: ava_test_table_1433233247974 in 1 conn: 1548 ms [2015-06-02 16:25:55] [main:305739ms]-[INFO] [AvailableTest:195][test_create_table] 
batchPut: 109989 items in 1 conn: 6118 ms [2015-06-02 16:26:04] [main:314861ms]-[INFO] [AvailableTest:271][test_batchPut] 
batchPut: 109989 items in 1 conn: 6021 ms [2015-06-02 16:26:16] [main:326886ms]-[INFO] [AvailableTest:271][test_batchPut] 
batchPut: 109989 items in 1 conn: 6227 ms [2015-06-02 16:26:28] [main:339116ms]-[INFO] [AvailableTest:271][test_batchPut] 
batchPut: 109989 items in 1 conn: 6024 ms [2015-06-02 16:26:40] [main:351142ms]-[INFO] [AvailableTest:271][test_batchPut] 
batchPut: 109989 items in 1 conn: 6112 ms [2015-06-02 16:26:53] [main:363257ms]-[INFO] [AvailableTest:271][test_batchPut] 
test_drop_table: ava_test_table_1433233247974 in 1 conn: 3988 ms [2015-06-02 16:27:03] [main:373247ms]-[INFO] [AvailableTest:214][test_drop_table] 
test_result: {batchPuttime=6100} [2015-06-02 16:27:06] [main:376248ms]-[INFO] [AvailableTest:162][batchPut_performance_test] 
test_create_table: ava_test_table_1433233647613 in 1 conn: 1036 ms [2015-06-02 16:27:28] [main:0ms]-[INFO] [AvailableTest:195][test_create_table] 
batchPut: 10890 items in 1 conn: 242 ms [2015-06-02 16:27:31] [main:3247ms]-[INFO] [AvailableTest:271][test_batchPut] 
batchPut: 10890 items in 1 conn: 140 ms [2015-06-02 16:27:38] [main:9391ms]-[INFO] [AvailableTest:271][test_batchPut] 
batchPut: 10890 items in 1 conn: 110 ms [2015-06-02 16:27:44] [main:15503ms]-[INFO] [AvailableTest:271][test_batchPut] 
batchPut: 10890 items in 1 conn: 150 ms [2015-06-02 16:27:50] [main:21655ms]-[INFO] [AvailableTest:271][test_batchPut] 
batchPut: 10890 items in 1 conn: 125 ms [2015-06-02 16:27:56] [main:27783ms]-[INFO] [AvailableTest:271][test_batchPut] 
batchPut: 10890 items in 1 conn: 136 ms [2015-06-02 16:28:02] [main:33923ms]-[INFO] [AvailableTest:271][test_batchPut] 
batchPut: 10890 items in 1 conn: 117 ms [2015-06-02 16:28:08] [main:40043ms]-[INFO] [AvailableTest:271][test_batchPut] 
batchPut: 10890 items in 1 conn: 115 ms [2015-06-02 16:28:14] [main:46162ms]-[INFO] [AvailableTest:271][test_batchPut] 
batchPut: 10890 items in 1 conn: 131 ms [2015-06-02 16:28:20] [main:52296ms]-[INFO] [AvailableTest:271][test_batchPut] 
batchPut: 10890 items in 1 conn: 113 ms [2015-06-02 16:28:27] [main:58411ms]-[INFO] [AvailableTest:271][test_batchPut] 
test_drop_table: ava_test_table_1433233647613 in 1 conn: 2612 ms [2015-06-02 16:28:35] [main:67024ms]-[INFO] [AvailableTest:214][test_drop_table] 
test_result: {batchPuttime=137} [2015-06-02 16:28:38] [main:70024ms]-[INFO] [AvailableTest:162][batchPut_performance_test] 
test_create_table: ava_test_table_1433233758920 in 1 conn: 1333 ms [2015-06-02 16:29:20] [main:0ms]-[INFO] [AvailableTest:195][test_create_table] 
batchPut: 49995 items in 1 conn: 2217 ms [2015-06-02 16:29:25] [main:5227ms]-[INFO] [AvailableTest:271][test_batchPut] 
batchPut: 49995 items in 1 conn: 2239 ms [2015-06-02 16:29:34] [main:14471ms]-[INFO] [AvailableTest:271][test_batchPut] 
batchPut: 49995 items in 1 conn: 2054 ms [2015-06-02 16:29:42] [main:22527ms]-[INFO] [AvailableTest:271][test_batchPut] 
batchPut: 49995 items in 1 conn: 2068 ms [2015-06-02 16:29:50] [main:30598ms]-[INFO] [AvailableTest:271][test_batchPut] 
batchPut: 49995 items in 1 conn: 2144 ms [2015-06-02 16:29:59] [main:38744ms]-[INFO] [AvailableTest:271][test_batchPut] 
batchPut: 49995 items in 1 conn: 2177 ms [2015-06-02 16:30:07] [main:46924ms]-[INFO] [AvailableTest:271][test_batchPut] 
batchPut: 49995 items in 1 conn: 2676 ms [2015-06-02 16:30:15] [main:55604ms]-[INFO] [AvailableTest:271][test_batchPut] 
batchPut: 49995 items in 1 conn: 2054 ms [2015-06-02 16:30:23] [main:63661ms]-[INFO] [AvailableTest:271][test_batchPut] 
batchPut: 49995 items in 1 conn: 2063 ms [2015-06-02 16:30:32] [main:72723ms]-[INFO] [AvailableTest:271][test_batchPut] 
batchPut: 49995 items in 1 conn: 2185 ms [2015-06-02 16:30:41] [main:80911ms]-[INFO] [AvailableTest:271][test_batchPut] 
test_drop_table: ava_test_table_1433233758920 in 1 conn: 2612 ms [2015-06-02 16:30:49] [main:89523ms]-[INFO] [AvailableTest:214][test_drop_table] 
test_result: {batchPuttime=2187} [2015-06-02 16:30:52] [main:92524ms]-[INFO] [AvailableTest:162][batchPut_performance_test] 
test_create_table: ava_test_table_1433233909220 in 1 conn: 719 ms [2015-06-02 16:31:49] [main:0ms]-[INFO] [AvailableTest:195][test_create_table] 
batchPut: 199980 items in 1 conn: 12158 ms [2015-06-02 16:32:05] [main:15162ms]-[INFO] [AvailableTest:271][test_batchPut] 
batchPut: 199980 items in 1 conn: 11965 ms [2015-06-02 16:32:23] [main:33133ms]-[INFO] [AvailableTest:271][test_batchPut] 
batchPut: 199980 items in 1 conn: 20816 ms [2015-06-02 16:32:49] [main:59952ms]-[INFO] [AvailableTest:271][test_batchPut] 
batchPut: 199980 items in 1 conn: 13136 ms [2015-06-02 16:33:09] [main:79091ms]-[INFO] [AvailableTest:271][test_batchPut] 
batchPut: 199980 items in 1 conn: 12109 ms [2015-06-02 16:33:27] [main:97203ms]-[INFO] [AvailableTest:271][test_batchPut] 
batchPut: 199980 items in 1 conn: 12116 ms [2015-06-02 16:33:45] [main:115322ms]-[INFO] [AvailableTest:271][test_batchPut] 
batchPut: 199980 items in 1 conn: 12203 ms [2015-06-02 16:34:03] [main:133528ms]-[INFO] [AvailableTest:271][test_batchPut] 
batchPut: 199980 items in 1 conn: 12478 ms [2015-06-02 16:34:21] [main:152010ms]-[INFO] [AvailableTest:271][test_batchPut] 
batchPut: 199980 items in 1 conn: 12485 ms [2015-06-02 16:34:40] [main:170497ms]-[INFO] [AvailableTest:271][test_batchPut] 
batchPut: 199980 items in 1 conn: 13115 ms [2015-06-02 16:34:59] [main:189615ms]-[INFO] [AvailableTest:271][test_batchPut] 
test_drop_table: ava_test_table_1433233909220 in 1 conn: 2606 ms [2015-06-02 16:35:08] [main:198222ms]-[INFO] [AvailableTest:214][test_drop_table] 
test_result: {batchPuttime=13258} [2015-06-02 16:35:11] [main:201223ms]-[INFO] [AvailableTest:162][batchPut_performance_test] 
test_create_table: ava_test_table_1433234239131 in 1 conn: 1261 ms [2015-06-02 16:37:20] [main:0ms]-[INFO] [AvailableTest:195][test_create_table] 
test_put: 1 items in 1 conn: 15 ms [2015-06-02 16:37:23] [main:3021ms]-[INFO] [AvailableTest:241][test_put] 
batchPut: 99 items in 1 conn: 28 ms [2015-06-02 16:37:26] [main:6058ms]-[INFO] [AvailableTest:271][test_batchPut] 
test_fetch: 100 items in 1 conn: 3190 ms [2015-06-02 16:37:35] [main:15294ms]-[INFO] [AvailableTest:329][test_fetch] 
test_fetch: 100 items in 1 conn: 2312 ms [2015-06-02 16:37:41] [main:20622ms]-[INFO] [AvailableTest:329][test_fetch] 
test_fetch: 100 items in 1 conn: 4347 ms [2015-06-02 16:37:48] [main:27983ms]-[INFO] [AvailableTest:329][test_fetch] 
test_fetch: 100 items in 1 conn: 1098 ms [2015-06-02 16:37:53] [main:33092ms]-[INFO] [AvailableTest:329][test_fetch] 
test_fetch: 100 items in 1 conn: 2108 ms [2015-06-02 16:37:58] [main:38215ms]-[INFO] [AvailableTest:329][test_fetch] 
test_drop_table: ava_test_table_1433234239131 in 1 conn: 2615 ms [2015-06-02 16:38:04] [main:43831ms]-[INFO] [AvailableTest:214][test_drop_table] 
test_result: {fetchtime=2611} [2015-06-02 16:38:07] [main:46832ms]-[INFO] [AvailableTest:120][fetch_performance_test] 
test_create_table: ava_test_table_1433234315682 in 1 conn: 1020 ms [2015-06-02 16:38:36] [main:0ms]-[INFO] [AvailableTest:195][test_create_table] 
test_put: 1 items in 1 conn: 6 ms [2015-06-02 16:38:39] [main:3010ms]-[INFO] [AvailableTest:241][test_put] 
batchPut: 99 items in 1 conn: 23 ms [2015-06-02 16:38:42] [main:6037ms]-[INFO] [AvailableTest:271][test_batchPut] 
test_fetch: 100 items in 1 conn: 1321 ms [2015-06-02 16:38:51] [main:14386ms]-[INFO] [AvailableTest:329][test_fetch] 
test_fetch: 100 items in 1 conn: 4591 ms [2015-06-02 16:38:58] [main:21993ms]-[INFO] [AvailableTest:329][test_fetch] 
test_fetch: 100 items in 1 conn: 873 ms [2015-06-02 16:39:02] [main:25879ms]-[INFO] [AvailableTest:329][test_fetch] 
test_fetch: 100 items in 1 conn: 486 ms [2015-06-02 16:39:06] [main:29378ms]-[INFO] [AvailableTest:329][test_fetch] 
test_fetch: 100 items in 1 conn: 1116 ms [2015-06-02 16:39:10] [main:33509ms]-[INFO] [AvailableTest:329][test_fetch] 
test_drop_table: ava_test_table_1433234315682 in 1 conn: 2600 ms [2015-06-02 16:39:15] [main:39110ms]-[INFO] [AvailableTest:214][test_drop_table] 
test_result: {fetchtime=1677} [2015-06-02 16:39:18] [main:42111ms]-[INFO] [AvailableTest:120][fetch_performance_test] 
test_create_table: ava_test_table_1433234364913 in 1 conn: 1323 ms [2015-06-02 16:39:26] [main:0ms]-[INFO] [AvailableTest:195][test_create_table] 
test_put: 1 items in 1 conn: 19 ms [2015-06-02 16:39:29] [main:3025ms]-[INFO] [AvailableTest:241][test_put] 
batchPut: 99 items in 1 conn: 8 ms [2015-06-02 16:39:32] [main:6041ms]-[INFO] [AvailableTest:271][test_batchPut] 
test_fetch: 100 items in 1 conn: 1140 ms [2015-06-02 16:39:39] [main:13219ms]-[INFO] [AvailableTest:329][test_fetch] 
test_fetch: 100 items in 1 conn: 497 ms [2015-06-02 16:39:42] [main:16752ms]-[INFO] [AvailableTest:329][test_fetch] 
test_fetch: 100 items in 1 conn: 1305 ms [2015-06-02 16:39:47] [main:21074ms]-[INFO] [AvailableTest:329][test_fetch] 
test_fetch: 100 items in 1 conn: 269 ms [2015-06-02 16:39:50] [main:24358ms]-[INFO] [AvailableTest:329][test_fetch] 
test_fetch: 100 items in 1 conn: 1747 ms [2015-06-02 16:39:55] [main:29121ms]-[INFO] [AvailableTest:329][test_fetch] 
test_drop_table: ava_test_table_1433234364913 in 1 conn: 2808 ms [2015-06-02 16:40:01] [main:34930ms]-[INFO] [AvailableTest:214][test_drop_table] 
test_result: {fetchtime=991} [2015-06-02 16:40:04] [main:37931ms]-[INFO] [AvailableTest:120][fetch_performance_test] 
test_create_table: ava_test_table_1433234433011 in 1 conn: 2328 ms [2015-06-02 16:40:35] [main:0ms]-[INFO] [AvailableTest:195][test_create_table] 
test_put: 1 items in 1 conn: 8 ms [2015-06-02 16:40:38] [main:3011ms]-[INFO] [AvailableTest:241][test_put] 
batchPut: 99 items in 1 conn: 7 ms [2015-06-02 16:40:41] [main:6024ms]-[INFO] [AvailableTest:271][test_batchPut] 
test_fetch: 100 items in 1 conn: 1939 ms [2015-06-02 16:40:49] [main:14004ms]-[INFO] [AvailableTest:329][test_fetch] 
test_fetch: 100 items in 1 conn: 1119 ms [2015-06-02 16:40:53] [main:18141ms]-[INFO] [AvailableTest:329][test_fetch] 
test_fetch: 100 items in 1 conn: 740 ms [2015-06-02 16:40:57] [main:21896ms]-[INFO] [AvailableTest:329][test_fetch] 
test_fetch: 100 items in 1 conn: 485 ms [2015-06-02 16:41:00] [main:25400ms]-[INFO] [AvailableTest:329][test_fetch] 
test_fetch: 100 items in 1 conn: 265 ms [2015-06-02 16:41:04] [main:28680ms]-[INFO] [AvailableTest:329][test_fetch] 
test_drop_table: ava_test_table_1433234433011 in 1 conn: 2593 ms [2015-06-02 16:41:09] [main:34274ms]-[INFO] [AvailableTest:214][test_drop_table] 
test_result: {fetchtime=909} [2015-06-02 16:41:12] [main:37275ms]-[INFO] [AvailableTest:120][fetch_performance_test] 
test_create_table: ava_test_table_1433234478063 in 1 conn: 1823 ms [2015-06-02 16:41:19] [main:0ms]-[INFO] [AvailableTest:195][test_create_table] 
test_put: 1 items in 1 conn: 11 ms [2015-06-02 16:41:22] [main:3015ms]-[INFO] [AvailableTest:241][test_put] 
batchPut: 99 items in 1 conn: 10 ms [2015-06-02 16:41:26] [main:7026ms]-[INFO] [AvailableTest:271][test_batchPut] 
test_fetch: 100 items in 1 conn: 1172 ms [2015-06-02 16:41:34] [main:14245ms]-[INFO] [AvailableTest:329][test_fetch] 
test_fetch: 100 items in 1 conn: 1291 ms [2015-06-02 16:41:38] [main:18554ms]-[INFO] [AvailableTest:329][test_fetch] 
test_fetch: 100 items in 1 conn: 1716 ms [2015-06-02 16:41:43] [main:23286ms]-[INFO] [AvailableTest:329][test_fetch] 
test_fetch: 100 items in 1 conn: 912 ms [2015-06-02 16:41:47] [main:27214ms]-[INFO] [AvailableTest:329][test_fetch] 
test_fetch: 100 items in 1 conn: 1720 ms [2015-06-02 16:41:51] [main:31952ms]-[INFO] [AvailableTest:329][test_fetch] 
test_drop_table: ava_test_table_1433234478063 in 1 conn: 2638 ms [2015-06-02 16:41:57] [main:37591ms]-[INFO] [AvailableTest:214][test_drop_table] 
test_result: {fetchtime=1362} [2015-06-02 16:42:00] [main:40591ms]-[INFO] [AvailableTest:120][fetch_performance_test] 
test_create_table: ava_test_table_1433234585446 in 1 conn: 1023 ms [2015-06-02 16:43:06] [main:0ms]-[INFO] [AvailableTest:195][test_create_table] 
test_put: 10 items in 1 conn: 13 ms [2015-06-02 16:43:09] [main:3018ms]-[INFO] [AvailableTest:241][test_put] 
batchPut: 990 items in 1 conn: 101 ms [2015-06-02 16:43:12] [main:6124ms]-[INFO] [AvailableTest:271][test_batchPut] 
test_fetch: 1000 items in 1 conn: 7569 ms [2015-06-02 16:43:26] [main:19727ms]-[INFO] [AvailableTest:329][test_fetch] 
test_fetch: 1000 items in 1 conn: 9960 ms [2015-06-02 16:43:39] [main:32706ms]-[INFO] [AvailableTest:329][test_fetch] 
test_fetch: 1000 items in 1 conn: 15301 ms [2015-06-02 16:43:57] [main:51025ms]-[INFO] [AvailableTest:329][test_fetch] 
test_fetch: 1000 items in 1 conn: 14616 ms [2015-06-02 16:44:15] [main:68862ms]-[INFO] [AvailableTest:329][test_fetch] 
test_fetch: 1000 items in 1 conn: 7044 ms [2015-06-02 16:44:25] [main:78926ms]-[INFO] [AvailableTest:329][test_fetch] 
test_drop_table: ava_test_table_1433234585446 in 1 conn: 2828 ms [2015-06-02 16:44:31] [main:84755ms]-[INFO] [AvailableTest:214][test_drop_table] 
test_result: {fetchtime=10898} [2015-06-02 16:44:34] [main:87756ms]-[INFO] [AvailableTest:120][fetch_performance_test] 
test_create_table: ava_test_table_1433234769411 in 1 conn: 2350 ms [2015-06-02 16:46:11] [main:0ms]-[INFO] [AvailableTest:195][test_create_table] 
test_put: 1 items in 1 conn: 13 ms [2015-06-02 16:46:14] [main:3022ms]-[INFO] [AvailableTest:241][test_put] 
batchPut: 99 items in 1 conn: 22 ms [2015-06-02 16:46:17] [main:6051ms]-[INFO] [AvailableTest:271][test_batchPut] 
test_fetch: 100 items in 1 conn: 1546 ms [2015-06-02 16:46:25] [main:13844ms]-[INFO] [AvailableTest:329][test_fetch] 
test_fetch: 100 items in 1 conn: 1910 ms [2015-06-02 16:46:30] [main:18776ms]-[INFO] [AvailableTest:329][test_fetch] 
test_fetch: 100 items in 1 conn: 1512 ms [2015-06-02 16:46:35] [main:23304ms]-[INFO] [AvailableTest:329][test_fetch] 
test_fetch: 100 items in 1 conn: 4353 ms [2015-06-02 16:46:42] [main:30674ms]-[INFO] [AvailableTest:329][test_fetch] 
test_fetch: 100 items in 1 conn: 2362 ms [2015-06-02 16:46:50] [main:38255ms]-[INFO] [AvailableTest:329][test_fetch] 
test_drop_table: ava_test_table_1433234769411 in 1 conn: 2801 ms [2015-06-02 16:46:55] [main:44057ms]-[INFO] [AvailableTest:214][test_drop_table] 
test_result: {fetchtime=2336} [2015-06-02 16:46:58] [main:47058ms]-[INFO] [AvailableTest:120][fetch_performance_test] 
test_create_table: ava_test_table_1433234823049 in 1 conn: 1330 ms [2015-06-02 16:47:04] [main:0ms]-[INFO] [AvailableTest:195][test_create_table] 
test_put: 1 items in 1 conn: 6 ms [2015-06-02 16:47:07] [main:3009ms]-[INFO] [AvailableTest:241][test_put] 
batchPut: 99 items in 1 conn: 15 ms [2015-06-02 16:47:10] [main:6028ms]-[INFO] [AvailableTest:271][test_batchPut] 
test_fetch: 100 items in 1 conn: 2525 ms [2015-06-02 16:47:18] [main:14591ms]-[INFO] [AvailableTest:329][test_fetch] 
test_fetch: 100 items in 1 conn: 2077 ms [2015-06-02 16:47:24] [main:19687ms]-[INFO] [AvailableTest:329][test_fetch] 
test_fetch: 100 items in 1 conn: 2956 ms [2015-06-02 16:47:30] [main:25661ms]-[INFO] [AvailableTest:329][test_fetch] 
test_fetch: 100 items in 1 conn: 1487 ms [2015-06-02 16:47:34] [main:30165ms]-[INFO] [AvailableTest:329][test_fetch] 
test_fetch: 100 items in 1 conn: 2124 ms [2015-06-02 16:47:39] [main:35306ms]-[INFO] [AvailableTest:329][test_fetch] 
test_drop_table: ava_test_table_1433234823049 in 1 conn: 3010 ms [2015-06-02 16:47:45] [main:41317ms]-[INFO] [AvailableTest:214][test_drop_table] 
test_result: {fetchtime=2233} [2015-06-02 16:47:48] [main:44318ms]-[INFO] [AvailableTest:120][fetch_performance_test] 
test_create_table: ava_test_table_1433234873498 in 1 conn: 1316 ms [2015-06-02 16:47:54] [main:0ms]-[INFO] [AvailableTest:195][test_create_table] 
test_put: 1 items in 1 conn: 18 ms [2015-06-02 16:47:57] [main:3025ms]-[INFO] [AvailableTest:241][test_put] 
batchPut: 99 items in 1 conn: 8 ms [2015-06-02 16:48:01] [main:7038ms]-[INFO] [AvailableTest:271][test_batchPut] 
test_fetch: 100 items in 1 conn: 5184 ms [2015-06-02 16:48:14] [main:19256ms]-[INFO] [AvailableTest:329][test_fetch] 
test_fetch: 100 items in 1 conn: 1507 ms [2015-06-02 16:48:18] [main:23780ms]-[INFO] [AvailableTest:329][test_fetch] 
test_fetch: 100 items in 1 conn: 1160 ms [2015-06-02 16:48:22] [main:27957ms]-[INFO] [AvailableTest:329][test_fetch] 
test_fetch: 100 items in 1 conn: 1912 ms [2015-06-02 16:48:27] [main:32886ms]-[INFO] [AvailableTest:329][test_fetch] 
test_fetch: 100 items in 1 conn: 1566 ms [2015-06-02 16:48:32] [main:37482ms]-[INFO] [AvailableTest:329][test_fetch] 
test_drop_table: ava_test_table_1433234873498 in 1 conn: 2593 ms [2015-06-02 16:48:37] [main:43075ms]-[INFO] [AvailableTest:214][test_drop_table] 
test_result: {fetchtime=2265} [2015-06-02 16:48:40] [main:46076ms]-[INFO] [AvailableTest:120][fetch_performance_test] 
test_create_table: ava_test_table_1433234927820 in 1 conn: 1727 ms [2015-06-02 16:48:49] [main:0ms]-[INFO] [AvailableTest:195][test_create_table] 
test_put: 1 items in 1 conn: 8 ms [2015-06-02 16:48:52] [main:3011ms]-[INFO] [AvailableTest:241][test_put] 
batchPut: 99 items in 1 conn: 30 ms [2015-06-02 16:48:55] [main:6047ms]-[INFO] [AvailableTest:271][test_batchPut] 
test_fetch: 100 items in 1 conn: 1113 ms [2015-06-02 16:49:02] [main:13197ms]-[INFO] [AvailableTest:329][test_fetch] 
test_fetch: 100 items in 1 conn: 1912 ms [2015-06-02 16:49:07] [main:18129ms]-[INFO] [AvailableTest:329][test_fetch] 
test_fetch: 100 items in 1 conn: 539 ms [2015-06-02 16:49:11] [main:21685ms]-[INFO] [AvailableTest:329][test_fetch] 
test_fetch: 100 items in 1 conn: 1324 ms [2015-06-02 16:49:15] [main:26027ms]-[INFO] [AvailableTest:329][test_fetch] 
test_fetch: 100 items in 1 conn: 1092 ms [2015-06-02 16:49:19] [main:30137ms]-[INFO] [AvailableTest:329][test_fetch] 
test_drop_table: ava_test_table_1433234927820 in 1 conn: 2799 ms [2015-06-02 16:49:25] [main:35936ms]-[INFO] [AvailableTest:214][test_drop_table] 
test_result: {fetchtime=1196} [2015-06-02 16:49:28] [main:38936ms]-[INFO] [AvailableTest:120][fetch_performance_test] 
test_create_table: ava_test_table_1433235143460 in 1 conn: 1325 ms [2015-06-02 16:52:24] [main:0ms]-[INFO] [AvailableTest:195][test_create_table] 
test_put: 1 items in 1 conn: 13 ms [2015-06-02 16:52:27] [main:3017ms]-[INFO] [AvailableTest:241][test_put] 
batchPut: 99 items in 1 conn: 17 ms [2015-06-02 16:52:30] [main:6040ms]-[INFO] [AvailableTest:271][test_batchPut] 
test_fetch: 100 items in 1 conn: 2360 ms [2015-06-02 16:52:39] [main:14438ms]-[INFO] [AvailableTest:329][test_fetch] 
test_fetch: 100 items in 1 conn: 1914 ms [2015-06-02 16:52:44] [main:19568ms]-[INFO] [AvailableTest:329][test_fetch] 
test_create_table: ava_test_table_1433235174788 in 1 conn: 1315 ms [2015-06-02 16:52:56] [main:0ms]-[INFO] [AvailableTest:195][test_create_table] 
batchPut: 99 items in 1 conn: 32 ms [2015-06-02 16:52:59] [main:3038ms]-[INFO] [AvailableTest:271][test_batchPut] 
batchPut: 99 items in 1 conn: 6 ms [2015-06-02 16:53:05] [main:9052ms]-[INFO] [AvailableTest:271][test_batchPut] 
batchPut: 99 items in 1 conn: 12 ms [2015-06-02 16:53:11] [main:15068ms]-[INFO] [AvailableTest:271][test_batchPut] 
batchPut: 99 items in 1 conn: 4 ms [2015-06-02 16:53:17] [main:21075ms]-[INFO] [AvailableTest:271][test_batchPut] 
batchPut: 99 items in 1 conn: 10 ms [2015-06-02 16:53:23] [main:27089ms]-[INFO] [AvailableTest:271][test_batchPut] 
batchPut: 99 items in 1 conn: 6 ms [2015-06-02 16:53:29] [main:33099ms]-[INFO] [AvailableTest:271][test_batchPut] 
batchPut: 99 items in 1 conn: 2 ms [2015-06-02 16:53:35] [main:39104ms]-[INFO] [AvailableTest:271][test_batchPut] 
batchPut: 99 items in 1 conn: 9 ms [2015-06-02 16:53:41] [main:45116ms]-[INFO] [AvailableTest:271][test_batchPut] 
batchPut: 99 items in 1 conn: 9 ms [2015-06-02 16:53:47] [main:51129ms]-[INFO] [AvailableTest:271][test_batchPut] 
batchPut: 99 items in 1 conn: 6 ms [2015-06-02 16:53:53] [main:57138ms]-[INFO] [AvailableTest:271][test_batchPut] 
test_drop_table: ava_test_table_1433235174788 in 1 conn: 2606 ms [2015-06-02 16:54:01] [main:65745ms]-[INFO] [AvailableTest:214][test_drop_table] 
test_result: {batchPuttime=9} [2015-06-02 16:54:04] [main:68746ms]-[INFO] [AvailableTest:162][batchPut_performance_test] 
